<?xml version="1.0" encoding="UTF-8"?>
<testsuites name="jest tests" tests="1" failures="0" errors="0" time="1.444">
  <testsuite name="AuthController" errors="0" failures="0" skipped="0" timestamp="2022-01-04T21:52:40" time="1.406" tests="1">
    <testcase classname="AuthController signUp when signUp is called Then it should call authService" name="AuthController signUp when signUp is called Then it should call authService" time="0.014">
    </testcase>
  </testsuite>
</testsuites>